<html>
<head>
<title>TestNG:  Default test</title>
<link href="../testng.css" rel="stylesheet" type="text/css" />
<link href="../my-testng.css" rel="stylesheet" type="text/css" />

<style type="text/css">
.log { display: none;} 
.stack-trace { display: none;} 
</style>
<script type="text/javascript">
<!--
function flip(e) {
  current = e.style.display;
  if (current == 'block') {
    e.style.display = 'none';
    return 0;
  }
  else {
    e.style.display = 'block';
    return 1;
  }
}

function toggleBox(szDivId, elem, msg1, msg2)
{
  var res = -1;  if (document.getElementById) {
    res = flip(document.getElementById(szDivId));
  }
  else if (document.all) {
    // this is the way old msie versions work
    res = flip(document.all[szDivId]);
  }
  if(elem) {
    if(res == 0) elem.innerHTML = msg1; else elem.innerHTML = msg2;
  }

}

function toggleAllBoxes() {
  if (document.getElementsByTagName) {
    d = document.getElementsByTagName('div');
    for (i = 0; i < d.length; i++) {
      if (d[i].className == 'log') {
        flip(d[i]);
      }
    }
  }
}

// -->
</script>

</head>
<body>
<h2 align='center'>Default test</h2><table border='1' align="center">
<tr>
<td>Tests passed/Failed/Skipped:</td><td>51/4/0</td>
</tr><tr>
<td>Started on:</td><td>Fri Jun 13 11:37:27 CDT 2025</td>
</tr>
<tr><td>Total time:</td><td>27 seconds (27502 ms)</td>
</tr><tr>
<td>Included groups:</td><td></td>
</tr><tr>
<td>Excluded groups:</td><td></td>
</tr>
</table><p/>
<small><i>(Hover the method name to see the test class name)</i></small><p/>
<table width='100%' border='1' class='invocation-failed'>
<tr><td colspan='4' align='center'><b>FAILED TESTS</b></td></tr>
<tr><td><b>Test method</b></td>
<td><b>Attribute(s)</b></td>
<td width="30%"><b>Exception</b></td>
<td width="10%"><b>Time (seconds)</b></td>
<td><b>Instance</b></td>
</tr>
<tr>
<td title='api_Runner.TestRunner.runScenario()'><b>runScenario</b><br>Test class: api_Runner.TestRunner<br>Test method: Runs Cucumber Scenarios<br>Parameters: "Check if Admin able to retrieve user details with  valid authorization and invalid user Id", "creating new users"</td>
<td><div><pre>java.lang.IllegalArgumentException: Invalid number of path parameters. Expected 0, was 1. Redundant path parameters are: id=30182.
	at java.base/jdk.internal.reflect.DirectConstructorHandleAccessor.newInstance(DirectConstructorHandleAccessor.java:62)
	at java.base/java.lang.reflect.Constructor.newInstanceWithCaller(Constructor.java:501)
	at java.base/java.lang.reflect.Constructor.newInstance(Constructor.java:485)
	at org.codehaus.groovy.reflection.CachedConstructor.invoke(CachedConstructor.java:73)
	at org.codehaus.groovy.reflection.CachedConstructor.doConstructorInvoke(CachedConstructor.java:60)
	at org.codehaus.groovy.runtime.callsite.ConstructorSite$ConstructorSiteNoUnwrap.callConstructor(ConstructorSite.java:86)
	at org.codehaus.groovy.runtime.callsite.CallSiteArray.defaultCallConstructor(CallSiteArray.java:57)
	at org.codehaus.groovy.runtime.callsite.AbstractCallSite.callConstructor(AbstractCallSite.java:263)
	at org.codehaus.groovy.runtime.callsite.AbstractCallSite.callConstructor(AbstractCallSite.java:277)
	at io.restassured.internal.RequestSpecificationImpl.assertCorrectNumberOfPathParams(RequestSpecificationImpl.groovy:1277)
	at java.base/jdk.internal.reflect.DirectMethodHandleAccessor.invoke(DirectMethodHandleAccessor.java:103)
	at java.base/java.lang.reflect.Method.invoke(Method.java:580)
	at org.codehaus.groovy.reflection.CachedMethod.invoke(CachedMethod.java:343)
	at groovy.lang.MetaMethod.doMethodInvoke(MetaMethod.java:328)
	at groovy.lang.MetaClassImpl.doInvokeMethod(MetaClassImpl.java:1333)
	at groovy.lang.MetaClassImpl.invokeMethod(MetaClassImpl.java:1088)
	at groovy.lang.MetaClassImpl.invokeMethod(MetaClassImpl.java:1007)
	at groovy.lang.MetaClassImpl.invokeMethod(MetaClassImpl.java:790)
	at io.restassured.internal.RequestSpecificationImpl.invokeMethod(RequestSpecificationImpl.groovy)
	at org.codehaus.groovy.runtime.callsite.PogoInterceptableSite.call(PogoInterceptableSite.java:46)
	at org.codehaus.groovy.runtime.callsite.PogoInterceptableSite.callCurrent(PogoInterceptableSite.java:57)
	at org.codehaus.groovy.runtime.callsite.AbstractCallSite.callCurrent(AbstractCallSite.java:176)
	at io.restassured.internal.RequestSpecificationImpl.sendRequest(RequestSpecificationImpl.groovy:1161)
	at io.restassured.internal.RequestSpecificationImpl.this$2$sendRequest(RequestSpecificationImpl.groovy)
	at java.base/jdk.internal.reflect.DirectMethodHandleAccessor.invoke(DirectMethodHandleAccessor.java:103)
	at java.base/java.lang.reflect.Method.invoke(Method.java:580)
	at org.codehaus.groovy.reflection.CachedMethod.invoke(CachedMethod.java:343)
	at groovy.lang.MetaMethod.doMethodInvoke(MetaMethod.java:328)
	at groovy.lang.MetaClassImpl.doInvokeMethod(MetaClassImpl.java:1333)
	at groovy.lang.MetaClassImpl.invokeMethod(MetaClassImpl.java:1088)
	at groovy.lang.MetaClassImpl.invokeMethod(MetaClassImpl.java:1007)
	at groovy.lang.MetaClassImpl.invokeMethod(MetaClassImpl.java:790)
	at io.restassured.internal.RequestSpecificationImpl.invokeMethod(RequestSpecificationImpl.groovy)
	at org.codehaus.groovy.runtime.callsite.PogoInterceptableSite.call(PogoInterceptableSite.java:46)
	at org.codehaus.groovy.runtime.callsite.AbstractCallSite.call(AbstractCallSite.java:166)
	at io.restassured.internal.filter.SendRequestFilter.filter(SendRequestFilter.groovy:30)
	at io.restassured.filter.Filter$filter.call(Unknown Source)
	at org.codehaus.groovy.runtime.callsite.CallSiteArray.defaultCall(CallSiteArray.java:45)
	at io.restassured.filter.Filter$filter$0.call(Unknown Source)
	at io.restassured.internal.filter.FilterContextImpl.next(FilterContextImpl.groovy:72)
	at io.restassured.filter.time.TimingFilter.filter(TimingFilter.java:56)
	at io.restassured.filter.Filter$filter$0.call(Unknown Source)
	at org.codehaus.groovy.runtime.callsite.CallSiteArray.defaultCall(CallSiteArray.java:45)
	at io.restassured.filter.Filter$filter.call(Unknown Source)
	at io.restassured.internal.filter.FilterContextImpl.next(FilterContextImpl.groovy:72)
	at io.restassured.filter.FilterContext$next.call(Unknown Source)
	at io.restassured.internal.filter.CsrfFilter.filter(CsrfFilter.groovy:89)
	at io.restassured.filter.Filter$filter.call(Unknown Source)
	at org.codehaus.groovy.runtime.callsite.CallSiteArray.defaultCall(CallSiteArray.java:45)
	at io.restassured.filter.Filter$filter.call(Unknown Source)
	at io.restassured.internal.filter.FilterContextImpl.next(FilterContextImpl.groovy:72)
	at io.restassured.filter.FilterContext$next.call(Unknown Source)
	at io.restassured.internal.RequestSpecificationImpl.applyPathParamsAndSendRequest(RequestSpecificationImpl.groovy:1704)
	at io.restassured.internal.RequestSpecificationImpl.this$2$applyPathParamsAndSendRequest(RequestSpecificationImpl.groovy)
	at java.base/jdk.internal.reflect.DirectMethodHandleAccessor.invoke(DirectMethodHandleAccessor.java:103)
	at java.base/java.lang.reflect.Method.invoke(Method.java:580)
	at org.codehaus.groovy.reflection.CachedMethod.invoke(CachedMethod.java:343)
	at groovy.lang.MetaMethod.doMethodInvoke(MetaMethod.java:328)
	at groovy.lang.MetaClassImpl.doInvokeMethod(MetaClassImpl.java:1333)
	at groovy.lang.MetaClassImpl.invokeMethod(MetaClassImpl.java:1088)
	at groovy.lang.MetaClassImpl.invokeMethod(MetaClassImpl.java:1007)
	at groovy.lang.MetaClassImpl.invokeMethod(MetaClassImpl.java:790)
	at io.restassured.internal.RequestSpecificationImpl.invokeMethod(RequestSpecificationImpl.groovy)
	at org.codehaus.groovy.runtime.callsite.PogoInterceptableSite.call(PogoInterceptableSite.java:46)
	at org.codehaus.groovy.runtime.callsite.PogoInterceptableSite.callCurrent(PogoInterceptableSite.java:57)
	at org.codehaus.groovy.runtime.callsite.AbstractCallSite.callCurrent(AbstractCallSite.java:203)
	at io.restassured.internal.RequestSpecificationImpl.request(RequestSpecificationImpl.groovy:296)
	at io.restassured.internal.RequestSpecificationImpl.request(RequestSpecificationImpl.groovy)
	at api_stepDefinition.GETByUserID_SD.admin_sends_https_request_with_invalid_user_id(GETByUserID_SD.java:63)
	at ✽.Admin sends HTTPS Request with invalid user Id(file:///C:/Users/rmaha/eclipse-workspace/RESTAssuredAPIBootcampMay2025_BDD/src/test/resources/api_featurefiles/03_getByUserId.feature:22)
</pre></div><a href='#' onClick='toggleBox("stack-trace1192555591", this, "Click to show all stack frames", "Click to hide stack frames")'>Click to show all stack frames</a>
<div class='stack-trace' id='stack-trace1192555591'><pre>java.lang.IllegalArgumentException: Invalid number of path parameters. Expected 0, was 1. Redundant path parameters are: id=30182.
	at java.base/jdk.internal.reflect.DirectConstructorHandleAccessor.newInstance(DirectConstructorHandleAccessor.java:62)
	at java.base/java.lang.reflect.Constructor.newInstanceWithCaller(Constructor.java:501)
	at java.base/java.lang.reflect.Constructor.newInstance(Constructor.java:485)
	at org.codehaus.groovy.reflection.CachedConstructor.invoke(CachedConstructor.java:73)
	at org.codehaus.groovy.reflection.CachedConstructor.doConstructorInvoke(CachedConstructor.java:60)
	at org.codehaus.groovy.runtime.callsite.ConstructorSite$ConstructorSiteNoUnwrap.callConstructor(ConstructorSite.java:86)
	at org.codehaus.groovy.runtime.callsite.CallSiteArray.defaultCallConstructor(CallSiteArray.java:57)
	at org.codehaus.groovy.runtime.callsite.AbstractCallSite.callConstructor(AbstractCallSite.java:263)
	at org.codehaus.groovy.runtime.callsite.AbstractCallSite.callConstructor(AbstractCallSite.java:277)
	at io.restassured.internal.RequestSpecificationImpl.assertCorrectNumberOfPathParams(RequestSpecificationImpl.groovy:1277)
	at java.base/jdk.internal.reflect.DirectMethodHandleAccessor.invoke(DirectMethodHandleAccessor.java:103)
	at java.base/java.lang.reflect.Method.invoke(Method.java:580)
	at org.codehaus.groovy.reflection.CachedMethod.invoke(CachedMethod.java:343)
	at groovy.lang.MetaMethod.doMethodInvoke(MetaMethod.java:328)
	at groovy.lang.MetaClassImpl.doInvokeMethod(MetaClassImpl.java:1333)
	at groovy.lang.MetaClassImpl.invokeMethod(MetaClassImpl.java:1088)
	at groovy.lang.MetaClassImpl.invokeMethod(MetaClassImpl.java:1007)
	at groovy.lang.MetaClassImpl.invokeMethod(MetaClassImpl.java:790)
	at io.restassured.internal.RequestSpecificationImpl.invokeMethod(RequestSpecificationImpl.groovy)
	at org.codehaus.groovy.runtime.callsite.PogoInterceptableSite.call(PogoInterceptableSite.java:46)
	at org.codehaus.groovy.runtime.callsite.PogoInterceptableSite.callCurrent(PogoInterceptableSite.java:57)
	at org.codehaus.groovy.runtime.callsite.AbstractCallSite.callCurrent(AbstractCallSite.java:176)
	at io.restassured.internal.RequestSpecificationImpl.sendRequest(RequestSpecificationImpl.groovy:1161)
	at io.restassured.internal.RequestSpecificationImpl.this$2$sendRequest(RequestSpecificationImpl.groovy)
	at java.base/jdk.internal.reflect.DirectMethodHandleAccessor.invoke(DirectMethodHandleAccessor.java:103)
	at java.base/java.lang.reflect.Method.invoke(Method.java:580)
	at org.codehaus.groovy.reflection.CachedMethod.invoke(CachedMethod.java:343)
	at groovy.lang.MetaMethod.doMethodInvoke(MetaMethod.java:328)
	at groovy.lang.MetaClassImpl.doInvokeMethod(MetaClassImpl.java:1333)
	at groovy.lang.MetaClassImpl.invokeMethod(MetaClassImpl.java:1088)
	at groovy.lang.MetaClassImpl.invokeMethod(MetaClassImpl.java:1007)
	at groovy.lang.MetaClassImpl.invokeMethod(MetaClassImpl.java:790)
	at io.restassured.internal.RequestSpecificationImpl.invokeMethod(RequestSpecificationImpl.groovy)
	at org.codehaus.groovy.runtime.callsite.PogoInterceptableSite.call(PogoInterceptableSite.java:46)
	at org.codehaus.groovy.runtime.callsite.AbstractCallSite.call(AbstractCallSite.java:166)
	at io.restassured.internal.filter.SendRequestFilter.filter(SendRequestFilter.groovy:30)
	at io.restassured.filter.Filter$filter.call(Unknown Source)
	at org.codehaus.groovy.runtime.callsite.CallSiteArray.defaultCall(CallSiteArray.java:45)
	at io.restassured.filter.Filter$filter$0.call(Unknown Source)
	at io.restassured.internal.filter.FilterContextImpl.next(FilterContextImpl.groovy:72)
	at io.restassured.filter.time.TimingFilter.filter(TimingFilter.java:56)
	at io.restassured.filter.Filter$filter$0.call(Unknown Source)
	at org.codehaus.groovy.runtime.callsite.CallSiteArray.defaultCall(CallSiteArray.java:45)
	at io.restassured.filter.Filter$filter.call(Unknown Source)
	at io.restassured.internal.filter.FilterContextImpl.next(FilterContextImpl.groovy:72)
	at io.restassured.filter.FilterContext$next.call(Unknown Source)
	at io.restassured.internal.filter.CsrfFilter.filter(CsrfFilter.groovy:89)
	at io.restassured.filter.Filter$filter.call(Unknown Source)
	at org.codehaus.groovy.runtime.callsite.CallSiteArray.defaultCall(CallSiteArray.java:45)
	at io.restassured.filter.Filter$filter.call(Unknown Source)
	at io.restassured.internal.filter.FilterContextImpl.next(FilterContextImpl.groovy:72)
	at io.restassured.filter.FilterContext$next.call(Unknown Source)
	at io.restassured.internal.RequestSpecificationImpl.applyPathParamsAndSendRequest(RequestSpecificationImpl.groovy:1704)
	at io.restassured.internal.RequestSpecificationImpl.this$2$applyPathParamsAndSendRequest(RequestSpecificationImpl.groovy)
	at java.base/jdk.internal.reflect.DirectMethodHandleAccessor.invoke(DirectMethodHandleAccessor.java:103)
	at java.base/java.lang.reflect.Method.invoke(Method.java:580)
	at org.codehaus.groovy.reflection.CachedMethod.invoke(CachedMethod.java:343)
	at groovy.lang.MetaMethod.doMethodInvoke(MetaMethod.java:328)
	at groovy.lang.MetaClassImpl.doInvokeMethod(MetaClassImpl.java:1333)
	at groovy.lang.MetaClassImpl.invokeMethod(MetaClassImpl.java:1088)
	at groovy.lang.MetaClassImpl.invokeMethod(MetaClassImpl.java:1007)
	at groovy.lang.MetaClassImpl.invokeMethod(MetaClassImpl.java:790)
	at io.restassured.internal.RequestSpecificationImpl.invokeMethod(RequestSpecificationImpl.groovy)
	at org.codehaus.groovy.runtime.callsite.PogoInterceptableSite.call(PogoInterceptableSite.java:46)
	at org.codehaus.groovy.runtime.callsite.PogoInterceptableSite.callCurrent(PogoInterceptableSite.java:57)
	at org.codehaus.groovy.runtime.callsite.AbstractCallSite.callCurrent(AbstractCallSite.java:203)
	at io.restassured.internal.RequestSpecificationImpl.request(RequestSpecificationImpl.groovy:296)
	at io.restassured.internal.RequestSpecificationImpl.request(RequestSpecificationImpl.groovy)
	at api_stepDefinition.GETByUserID_SD.admin_sends_https_request_with_invalid_user_id(GETByUserID_SD.java:63)
	at ✽.Admin sends HTTPS Request with invalid user Id(file:///C:/Users/rmaha/eclipse-workspace/RESTAssuredAPIBootcampMay2025_BDD/src/test/resources/api_featurefiles/03_getByUserId.feature:22)
</pre></div></td>
<td>0</td>
<td>api_Runner.TestRunner@68567e20</td></tr>
<tr>
<td title='api_Runner.TestRunner.runScenario()'><b>runScenario</b><br>Test class: api_Runner.TestRunner<br>Test method: Runs Cucumber Scenarios<br>Parameters: "Add new user with non mandetory fields only", "creating new users"</td>
<td><div><pre>java.lang.AssertionError: 1 expectation failed.
Expected status code &lt;400&gt; but was &lt;500&gt;.

	at java.base/jdk.internal.reflect.DirectConstructorHandleAccessor.newInstance(DirectConstructorHandleAccessor.java:62)
	at java.base/java.lang.reflect.Constructor.newInstanceWithCaller(Constructor.java:501)
	at java.base/java.lang.reflect.Constructor.newInstance(Constructor.java:485)
	at org.codehaus.groovy.reflection.CachedConstructor.invoke(CachedConstructor.java:73)
	at org.codehaus.groovy.runtime.callsite.ConstructorSite$ConstructorSiteNoUnwrapNoCoerce.callConstructor(ConstructorSite.java:108)
	at org.codehaus.groovy.runtime.callsite.CallSiteArray.defaultCallConstructor(CallSiteArray.java:57)
	at org.codehaus.groovy.runtime.callsite.AbstractCallSite.callConstructor(AbstractCallSite.java:263)
	at org.codehaus.groovy.runtime.callsite.AbstractCallSite.callConstructor(AbstractCallSite.java:277)
	at io.restassured.internal.ResponseSpecificationImpl$HamcrestAssertionClosure.validate(ResponseSpecificationImpl.groovy:512)
	at io.restassured.internal.ResponseSpecificationImpl$HamcrestAssertionClosure$validate$1.call(Unknown Source)
	at io.restassured.internal.ResponseSpecificationImpl.validateResponseIfRequired(ResponseSpecificationImpl.groovy:696)
	at io.restassured.internal.ResponseSpecificationImpl.this$2$validateResponseIfRequired(ResponseSpecificationImpl.groovy)
	at java.base/jdk.internal.reflect.DirectMethodHandleAccessor.invoke(DirectMethodHandleAccessor.java:103)
	at java.base/java.lang.reflect.Method.invoke(Method.java:580)
	at org.codehaus.groovy.runtime.callsite.PlainObjectMetaMethodSite.doInvoke(PlainObjectMetaMethodSite.java:43)
	at org.codehaus.groovy.runtime.callsite.PogoMetaMethodSite$PogoCachedMethodSiteNoUnwrapNoCoerce.invoke(PogoMetaMethodSite.java:198)
	at org.codehaus.groovy.runtime.callsite.PogoMetaMethodSite.callCurrent(PogoMetaMethodSite.java:62)
	at org.codehaus.groovy.runtime.callsite.AbstractCallSite.callCurrent(AbstractCallSite.java:185)
	at io.restassured.internal.ResponseSpecificationImpl.statusCode(ResponseSpecificationImpl.groovy:135)
	at io.restassured.specification.ResponseSpecification$statusCode$0.callCurrent(Unknown Source)
	at io.restassured.internal.ResponseSpecificationImpl.statusCode(ResponseSpecificationImpl.groovy:143)
	at io.restassured.internal.ValidatableResponseOptionsImpl.statusCode(ValidatableResponseOptionsImpl.java:89)
	at api_stepDefinition.Post_SD.user_receives_bad_requeststatus_with_message(Post_SD.java:115)
	at ✽.User receives 400 Bad Requeststatus with message(file:///C:/Users/rmaha/eclipse-workspace/RESTAssuredAPIBootcampMay2025_BDD/src/test/resources/api_featurefiles/02_Post.feature:28)
</pre></div><a href='#' onClick='toggleBox("stack-trace1639778373", this, "Click to show all stack frames", "Click to hide stack frames")'>Click to show all stack frames</a>
<div class='stack-trace' id='stack-trace1639778373'><pre>java.lang.AssertionError: 1 expectation failed.
Expected status code &lt;400&gt; but was &lt;500&gt;.

	at java.base/jdk.internal.reflect.DirectConstructorHandleAccessor.newInstance(DirectConstructorHandleAccessor.java:62)
	at java.base/java.lang.reflect.Constructor.newInstanceWithCaller(Constructor.java:501)
	at java.base/java.lang.reflect.Constructor.newInstance(Constructor.java:485)
	at org.codehaus.groovy.reflection.CachedConstructor.invoke(CachedConstructor.java:73)
	at org.codehaus.groovy.runtime.callsite.ConstructorSite$ConstructorSiteNoUnwrapNoCoerce.callConstructor(ConstructorSite.java:108)
	at org.codehaus.groovy.runtime.callsite.CallSiteArray.defaultCallConstructor(CallSiteArray.java:57)
	at org.codehaus.groovy.runtime.callsite.AbstractCallSite.callConstructor(AbstractCallSite.java:263)
	at org.codehaus.groovy.runtime.callsite.AbstractCallSite.callConstructor(AbstractCallSite.java:277)
	at io.restassured.internal.ResponseSpecificationImpl$HamcrestAssertionClosure.validate(ResponseSpecificationImpl.groovy:512)
	at io.restassured.internal.ResponseSpecificationImpl$HamcrestAssertionClosure$validate$1.call(Unknown Source)
	at io.restassured.internal.ResponseSpecificationImpl.validateResponseIfRequired(ResponseSpecificationImpl.groovy:696)
	at io.restassured.internal.ResponseSpecificationImpl.this$2$validateResponseIfRequired(ResponseSpecificationImpl.groovy)
	at java.base/jdk.internal.reflect.DirectMethodHandleAccessor.invoke(DirectMethodHandleAccessor.java:103)
	at java.base/java.lang.reflect.Method.invoke(Method.java:580)
	at org.codehaus.groovy.runtime.callsite.PlainObjectMetaMethodSite.doInvoke(PlainObjectMetaMethodSite.java:43)
	at org.codehaus.groovy.runtime.callsite.PogoMetaMethodSite$PogoCachedMethodSiteNoUnwrapNoCoerce.invoke(PogoMetaMethodSite.java:198)
	at org.codehaus.groovy.runtime.callsite.PogoMetaMethodSite.callCurrent(PogoMetaMethodSite.java:62)
	at org.codehaus.groovy.runtime.callsite.AbstractCallSite.callCurrent(AbstractCallSite.java:185)
	at io.restassured.internal.ResponseSpecificationImpl.statusCode(ResponseSpecificationImpl.groovy:135)
	at io.restassured.specification.ResponseSpecification$statusCode$0.callCurrent(Unknown Source)
	at io.restassured.internal.ResponseSpecificationImpl.statusCode(ResponseSpecificationImpl.groovy:143)
	at io.restassured.internal.ValidatableResponseOptionsImpl.statusCode(ValidatableResponseOptionsImpl.java:89)
	at api_stepDefinition.Post_SD.user_receives_bad_requeststatus_with_message(Post_SD.java:115)
	at ✽.User receives 400 Bad Requeststatus with message(file:///C:/Users/rmaha/eclipse-workspace/RESTAssuredAPIBootcampMay2025_BDD/src/test/resources/api_featurefiles/02_Post.feature:28)
</pre></div></td>
<td>0</td>
<td>api_Runner.TestRunner@68567e20</td></tr>
<tr>
<td title='api_Runner.TestRunner.runScenario()'><b>runScenario</b><br>Test class: api_Runner.TestRunner<br>Test method: Runs Cucumber Scenarios<br>Parameters: "Delete operation with valid firstname", "delete the users with userName"</td>
<td><div><pre>java.lang.AssertionError: 1 expectation failed.
Expected status code &lt;200&gt; but was &lt;404&gt;.

	at java.base/jdk.internal.reflect.DirectConstructorHandleAccessor.newInstance(DirectConstructorHandleAccessor.java:62)
	at java.base/java.lang.reflect.Constructor.newInstanceWithCaller(Constructor.java:501)
	at java.base/java.lang.reflect.Constructor.newInstance(Constructor.java:485)
	at org.codehaus.groovy.reflection.CachedConstructor.invoke(CachedConstructor.java:73)
	at org.codehaus.groovy.runtime.callsite.ConstructorSite$ConstructorSiteNoUnwrapNoCoerce.callConstructor(ConstructorSite.java:108)
	at org.codehaus.groovy.runtime.callsite.AbstractCallSite.callConstructor(AbstractCallSite.java:277)
	at io.restassured.internal.ResponseSpecificationImpl$HamcrestAssertionClosure.validate(ResponseSpecificationImpl.groovy:512)
	at io.restassured.internal.ResponseSpecificationImpl$HamcrestAssertionClosure$validate$1.call(Unknown Source)
	at io.restassured.internal.ResponseSpecificationImpl.validateResponseIfRequired(ResponseSpecificationImpl.groovy:696)
	at io.restassured.internal.ResponseSpecificationImpl.this$2$validateResponseIfRequired(ResponseSpecificationImpl.groovy)
	at java.base/jdk.internal.reflect.DirectMethodHandleAccessor.invoke(DirectMethodHandleAccessor.java:103)
	at java.base/java.lang.reflect.Method.invoke(Method.java:580)
	at org.codehaus.groovy.runtime.callsite.PlainObjectMetaMethodSite.doInvoke(PlainObjectMetaMethodSite.java:43)
	at org.codehaus.groovy.runtime.callsite.PogoMetaMethodSite$PogoCachedMethodSiteNoUnwrapNoCoerce.invoke(PogoMetaMethodSite.java:198)
	at org.codehaus.groovy.runtime.callsite.PogoMetaMethodSite.callCurrent(PogoMetaMethodSite.java:62)
	at org.codehaus.groovy.runtime.callsite.AbstractCallSite.callCurrent(AbstractCallSite.java:185)
	at io.restassured.internal.ResponseSpecificationImpl.statusCode(ResponseSpecificationImpl.groovy:135)
	at io.restassured.specification.ResponseSpecification$statusCode$0.callCurrent(Unknown Source)
	at io.restassured.internal.ResponseSpecificationImpl.statusCode(ResponseSpecificationImpl.groovy:143)
	at io.restassured.internal.ValidatableResponseOptionsImpl.statusCode(ValidatableResponseOptionsImpl.java:89)
	at api_stepDefinition.deletebyUserName_SD.user_receives_ok_status_success(deletebyUserName_SD.java:42)
	at ✽.user receives 200:ok status Success(file:///C:/Users/rmaha/eclipse-workspace/RESTAssuredAPIBootcampMay2025_BDD/src/test/resources/api_featurefiles/DeleteByUserName.feature:10)
</pre></div><a href='#' onClick='toggleBox("stack-trace24057252", this, "Click to show all stack frames", "Click to hide stack frames")'>Click to show all stack frames</a>
<div class='stack-trace' id='stack-trace24057252'><pre>java.lang.AssertionError: 1 expectation failed.
Expected status code &lt;200&gt; but was &lt;404&gt;.

	at java.base/jdk.internal.reflect.DirectConstructorHandleAccessor.newInstance(DirectConstructorHandleAccessor.java:62)
	at java.base/java.lang.reflect.Constructor.newInstanceWithCaller(Constructor.java:501)
	at java.base/java.lang.reflect.Constructor.newInstance(Constructor.java:485)
	at org.codehaus.groovy.reflection.CachedConstructor.invoke(CachedConstructor.java:73)
	at org.codehaus.groovy.runtime.callsite.ConstructorSite$ConstructorSiteNoUnwrapNoCoerce.callConstructor(ConstructorSite.java:108)
	at org.codehaus.groovy.runtime.callsite.AbstractCallSite.callConstructor(AbstractCallSite.java:277)
	at io.restassured.internal.ResponseSpecificationImpl$HamcrestAssertionClosure.validate(ResponseSpecificationImpl.groovy:512)
	at io.restassured.internal.ResponseSpecificationImpl$HamcrestAssertionClosure$validate$1.call(Unknown Source)
	at io.restassured.internal.ResponseSpecificationImpl.validateResponseIfRequired(ResponseSpecificationImpl.groovy:696)
	at io.restassured.internal.ResponseSpecificationImpl.this$2$validateResponseIfRequired(ResponseSpecificationImpl.groovy)
	at java.base/jdk.internal.reflect.DirectMethodHandleAccessor.invoke(DirectMethodHandleAccessor.java:103)
	at java.base/java.lang.reflect.Method.invoke(Method.java:580)
	at org.codehaus.groovy.runtime.callsite.PlainObjectMetaMethodSite.doInvoke(PlainObjectMetaMethodSite.java:43)
	at org.codehaus.groovy.runtime.callsite.PogoMetaMethodSite$PogoCachedMethodSiteNoUnwrapNoCoerce.invoke(PogoMetaMethodSite.java:198)
	at org.codehaus.groovy.runtime.callsite.PogoMetaMethodSite.callCurrent(PogoMetaMethodSite.java:62)
	at org.codehaus.groovy.runtime.callsite.AbstractCallSite.callCurrent(AbstractCallSite.java:185)
	at io.restassured.internal.ResponseSpecificationImpl.statusCode(ResponseSpecificationImpl.groovy:135)
	at io.restassured.specification.ResponseSpecification$statusCode$0.callCurrent(Unknown Source)
	at io.restassured.internal.ResponseSpecificationImpl.statusCode(ResponseSpecificationImpl.groovy:143)
	at io.restassured.internal.ValidatableResponseOptionsImpl.statusCode(ValidatableResponseOptionsImpl.java:89)
	at api_stepDefinition.deletebyUserName_SD.user_receives_ok_status_success(deletebyUserName_SD.java:42)
	at ✽.user receives 200:ok status Success(file:///C:/Users/rmaha/eclipse-workspace/RESTAssuredAPIBootcampMay2025_BDD/src/test/resources/api_featurefiles/DeleteByUserName.feature:10)
</pre></div></td>
<td>0</td>
<td>api_Runner.TestRunner@68567e20</td></tr>
<tr>
<td title='api_Runner.TestRunner.runScenario()'><b>runScenario</b><br>Test class: api_Runner.TestRunner<br>Test method: Runs Cucumber Scenarios<br>Parameters: "Add new user with number in email id", "creating new users"</td>
<td><div><pre>java.lang.AssertionError: 1 expectation failed.
Expected status code &lt;400&gt; but was &lt;409&gt;.

	at java.base/jdk.internal.reflect.DirectConstructorHandleAccessor.newInstance(DirectConstructorHandleAccessor.java:62)
	at java.base/java.lang.reflect.Constructor.newInstanceWithCaller(Constructor.java:501)
	at java.base/java.lang.reflect.Constructor.newInstance(Constructor.java:485)
	at org.codehaus.groovy.reflection.CachedConstructor.invoke(CachedConstructor.java:73)
	at org.codehaus.groovy.runtime.callsite.ConstructorSite$ConstructorSiteNoUnwrapNoCoerce.callConstructor(ConstructorSite.java:108)
	at org.codehaus.groovy.runtime.callsite.AbstractCallSite.callConstructor(AbstractCallSite.java:277)
	at io.restassured.internal.ResponseSpecificationImpl$HamcrestAssertionClosure.validate(ResponseSpecificationImpl.groovy:512)
	at io.restassured.internal.ResponseSpecificationImpl$HamcrestAssertionClosure$validate$1.call(Unknown Source)
	at io.restassured.internal.ResponseSpecificationImpl.validateResponseIfRequired(ResponseSpecificationImpl.groovy:696)
	at io.restassured.internal.ResponseSpecificationImpl.this$2$validateResponseIfRequired(ResponseSpecificationImpl.groovy)
	at java.base/jdk.internal.reflect.DirectMethodHandleAccessor.invoke(DirectMethodHandleAccessor.java:103)
	at java.base/java.lang.reflect.Method.invoke(Method.java:580)
	at org.codehaus.groovy.runtime.callsite.PlainObjectMetaMethodSite.doInvoke(PlainObjectMetaMethodSite.java:43)
	at org.codehaus.groovy.runtime.callsite.PogoMetaMethodSite$PogoCachedMethodSiteNoUnwrapNoCoerce.invoke(PogoMetaMethodSite.java:198)
	at org.codehaus.groovy.runtime.callsite.PogoMetaMethodSite.callCurrent(PogoMetaMethodSite.java:62)
	at org.codehaus.groovy.runtime.callsite.AbstractCallSite.callCurrent(AbstractCallSite.java:185)
	at io.restassured.internal.ResponseSpecificationImpl.statusCode(ResponseSpecificationImpl.groovy:135)
	at io.restassured.specification.ResponseSpecification$statusCode$0.callCurrent(Unknown Source)
	at io.restassured.internal.ResponseSpecificationImpl.statusCode(ResponseSpecificationImpl.groovy:143)
	at io.restassured.internal.ValidatableResponseOptionsImpl.statusCode(ValidatableResponseOptionsImpl.java:89)
	at api_stepDefinition.Post_SD.user_receives_bad_requeststatus_with_message(Post_SD.java:115)
	at ✽.User receives 400 Bad Requeststatus with message(file:///C:/Users/rmaha/eclipse-workspace/RESTAssuredAPIBootcampMay2025_BDD/src/test/resources/api_featurefiles/02_Post.feature:101)
</pre></div><a href='#' onClick='toggleBox("stack-trace347725669", this, "Click to show all stack frames", "Click to hide stack frames")'>Click to show all stack frames</a>
<div class='stack-trace' id='stack-trace347725669'><pre>java.lang.AssertionError: 1 expectation failed.
Expected status code &lt;400&gt; but was &lt;409&gt;.

	at java.base/jdk.internal.reflect.DirectConstructorHandleAccessor.newInstance(DirectConstructorHandleAccessor.java:62)
	at java.base/java.lang.reflect.Constructor.newInstanceWithCaller(Constructor.java:501)
	at java.base/java.lang.reflect.Constructor.newInstance(Constructor.java:485)
	at org.codehaus.groovy.reflection.CachedConstructor.invoke(CachedConstructor.java:73)
	at org.codehaus.groovy.runtime.callsite.ConstructorSite$ConstructorSiteNoUnwrapNoCoerce.callConstructor(ConstructorSite.java:108)
	at org.codehaus.groovy.runtime.callsite.AbstractCallSite.callConstructor(AbstractCallSite.java:277)
	at io.restassured.internal.ResponseSpecificationImpl$HamcrestAssertionClosure.validate(ResponseSpecificationImpl.groovy:512)
	at io.restassured.internal.ResponseSpecificationImpl$HamcrestAssertionClosure$validate$1.call(Unknown Source)
	at io.restassured.internal.ResponseSpecificationImpl.validateResponseIfRequired(ResponseSpecificationImpl.groovy:696)
	at io.restassured.internal.ResponseSpecificationImpl.this$2$validateResponseIfRequired(ResponseSpecificationImpl.groovy)
	at java.base/jdk.internal.reflect.DirectMethodHandleAccessor.invoke(DirectMethodHandleAccessor.java:103)
	at java.base/java.lang.reflect.Method.invoke(Method.java:580)
	at org.codehaus.groovy.runtime.callsite.PlainObjectMetaMethodSite.doInvoke(PlainObjectMetaMethodSite.java:43)
	at org.codehaus.groovy.runtime.callsite.PogoMetaMethodSite$PogoCachedMethodSiteNoUnwrapNoCoerce.invoke(PogoMetaMethodSite.java:198)
	at org.codehaus.groovy.runtime.callsite.PogoMetaMethodSite.callCurrent(PogoMetaMethodSite.java:62)
	at org.codehaus.groovy.runtime.callsite.AbstractCallSite.callCurrent(AbstractCallSite.java:185)
	at io.restassured.internal.ResponseSpecificationImpl.statusCode(ResponseSpecificationImpl.groovy:135)
	at io.restassured.specification.ResponseSpecification$statusCode$0.callCurrent(Unknown Source)
	at io.restassured.internal.ResponseSpecificationImpl.statusCode(ResponseSpecificationImpl.groovy:143)
	at io.restassured.internal.ValidatableResponseOptionsImpl.statusCode(ValidatableResponseOptionsImpl.java:89)
	at api_stepDefinition.Post_SD.user_receives_bad_requeststatus_with_message(Post_SD.java:115)
	at ✽.User receives 400 Bad Requeststatus with message(file:///C:/Users/rmaha/eclipse-workspace/RESTAssuredAPIBootcampMay2025_BDD/src/test/resources/api_featurefiles/02_Post.feature:101)
</pre></div></td>
<td>0</td>
<td>api_Runner.TestRunner@68567e20</td></tr>
</table><p>
<table width='100%' border='1' class='invocation-passed'>
<tr><td colspan='4' align='center'><b>PASSED TESTS</b></td></tr>
<tr><td><b>Test method</b></td>
<td><b>Attribute(s)</b></td>
<td width="30%"><b>Exception</b></td>
<td width="10%"><b>Time (seconds)</b></td>
<td><b>Instance</b></td>
</tr>
<tr>
<td title='api_Runner.TestRunner.runScenario()'><b>runScenario</b><br>Test class: api_Runner.TestRunner<br>Test method: Runs Cucumber Scenarios<br>Parameters: "Add New User with all fields without Authorization", "creating new users"</td>
<td></td>
<td>0</td>
<td>api_Runner.TestRunner@68567e20</td></tr>
<tr>
<td title='api_Runner.TestRunner.runScenario()'><b>runScenario</b><br>Test class: api_Runner.TestRunner<br>Test method: Runs Cucumber Scenarios<br>Parameters: "Check if Admin able to retrieve user details with  valid authorization and valid user first name", "creating new users"</td>
<td></td>
<td>0</td>
<td>api_Runner.TestRunner@68567e20</td></tr>
<tr>
<td title='api_Runner.TestRunner.runScenario()'><b>runScenario</b><br>Test class: api_Runner.TestRunner<br>Test method: Runs Cucumber Scenarios<br>Parameters: "Add new user with more than 10 characters in contact number", "creating new users"</td>
<td></td>
<td>0</td>
<td>api_Runner.TestRunner@68567e20</td></tr>
<tr>
<td title='api_Runner.TestRunner.runScenario()'><b>runScenario</b><br>Test class: api_Runner.TestRunner<br>Test method: Runs Cucumber Scenarios<br>Parameters: "Add new user with existing contact number", "creating new users"</td>
<td></td>
<td>0</td>
<td>api_Runner.TestRunner@68567e20</td></tr>
<tr>
<td title='api_Runner.TestRunner.runScenario()'><b>runScenario</b><br>Test class: api_Runner.TestRunner<br>Test method: Runs Cucumber Scenarios<br>Parameters: "Check if user able to update  Last name with numbers and Special characters", "updating the users"</td>
<td></td>
<td>0</td>
<td>api_Runner.TestRunner@68567e20</td></tr>
<tr>
<td title='api_Runner.TestRunner.runScenario()'><b>runScenario</b><br>Test class: api_Runner.TestRunner<br>Test method: Runs Cucumber Scenarios<br>Parameters: "Check if Admin able to retrieve user details with valid user first name and without authorization", "creating new users"</td>
<td></td>
<td>0</td>
<td>api_Runner.TestRunner@68567e20</td></tr>
<tr>
<td title='api_Runner.TestRunner.runScenario()'><b>runScenario</b><br>Test class: api_Runner.TestRunner<br>Test method: Runs Cucumber Scenarios<br>Parameters: "Delete operation with non existing userID", "delete the users with userID"</td>
<td></td>
<td>0</td>
<td>api_Runner.TestRunner@68567e20</td></tr>
<tr>
<td title='api_Runner.TestRunner.runScenario()'><b>runScenario</b><br>Test class: api_Runner.TestRunner<br>Test method: Runs Cucumber Scenarios<br>Parameters: "Check if user able to update First name with numbers and Special characters", "updating the users"</td>
<td></td>
<td>0</td>
<td>api_Runner.TestRunner@68567e20</td></tr>
<tr>
<td title='api_Runner.TestRunner.runScenario()'><b>runScenario</b><br>Test class: api_Runner.TestRunner<br>Test method: Runs Cucumber Scenarios<br>Parameters: "Add new user with special characters in email id", "creating new users"</td>
<td></td>
<td>0</td>
<td>api_Runner.TestRunner@68567e20</td></tr>
<tr>
<td title='api_Runner.TestRunner.runScenario()'><b>runScenario</b><br>Test class: api_Runner.TestRunner<br>Test method: Runs Cucumber Scenarios<br>Parameters: "Add new user with plot number contains interger values", "creating new users"</td>
<td></td>
<td>0</td>
<td>api_Runner.TestRunner@68567e20</td></tr>
<tr>
<td title='api_Runner.TestRunner.runScenario()'><b>runScenario</b><br>Test class: api_Runner.TestRunner<br>Test method: Runs Cucumber Scenarios<br>Parameters: "Add new user with invalid end point", "creating new users"</td>
<td></td>
<td>0</td>
<td>api_Runner.TestRunner@68567e20</td></tr>
<tr>
<td title='api_Runner.TestRunner.runScenario()'><b>runScenario</b><br>Test class: api_Runner.TestRunner<br>Test method: Runs Cucumber Scenarios<br>Parameters: "Add new user with plot number contains special characters", "creating new users"</td>
<td></td>
<td>0</td>
<td>api_Runner.TestRunner@68567e20</td></tr>
<tr>
<td title='api_Runner.TestRunner.runScenario()'><b>runScenario</b><br>Test class: api_Runner.TestRunner<br>Test method: Runs Cucumber Scenarios<br>Parameters: "Delete operation with non existing firstname", "delete the users with userName"</td>
<td></td>
<td>0</td>
<td>api_Runner.TestRunner@68567e20</td></tr>
<tr>
<td title='api_Runner.TestRunner.runScenario()'><b>runScenario</b><br>Test class: api_Runner.TestRunner<br>Test method: Runs Cucumber Scenarios<br>Parameters: "Check if user able to update Contact number with more than 10 character", "updating the users"</td>
<td></td>
<td>0</td>
<td>api_Runner.TestRunner@68567e20</td></tr>
<tr>
<td title='api_Runner.TestRunner.runScenario()'><b>runScenario</b><br>Test class: api_Runner.TestRunner<br>Test method: Runs Cucumber Scenarios<br>Parameters: "Add new user with invalid base url", "creating new users"</td>
<td></td>
<td>0</td>
<td>api_Runner.TestRunner@68567e20</td></tr>
<tr>
<td title='api_Runner.TestRunner.runScenario()'><b>runScenario</b><br>Test class: api_Runner.TestRunner<br>Test method: Runs Cucumber Scenarios<br>Parameters: "Check if user able to update user details with user id and all fields empty", "updating the users"</td>
<td></td>
<td>0</td>
<td>api_Runner.TestRunner@68567e20</td></tr>
<tr>
<td title='api_Runner.TestRunner.runScenario()'><b>runScenario</b><br>Test class: api_Runner.TestRunner<br>Test method: Runs Cucumber Scenarios<br>Parameters: "Add new user with zipcode contains special characters", "creating new users"</td>
<td></td>
<td>0</td>
<td>api_Runner.TestRunner@68567e20</td></tr>
<tr>
<td title='api_Runner.TestRunner.runScenario()'><b>runScenario</b><br>Test class: api_Runner.TestRunner<br>Test method: Runs Cucumber Scenarios<br>Parameters: "Add new user with all fields empty", "creating new users"</td>
<td></td>
<td>0</td>
<td>api_Runner.TestRunner@68567e20</td></tr>
<tr>
<td title='api_Runner.TestRunner.runScenario()'><b>runScenario</b><br>Test class: api_Runner.TestRunner<br>Test method: Runs Cucumber Scenarios<br>Parameters: "Delete operation with valid userID", "delete the users with userID"</td>
<td></td>
<td>0</td>
<td>api_Runner.TestRunner@68567e20</td></tr>
<tr>
<td title='api_Runner.TestRunner.runScenario()'><b>runScenario</b><br>Test class: api_Runner.TestRunner<br>Test method: Runs Cucumber Scenarios<br>Parameters: "Check if user able to update user details with valid user id", "updating the users"</td>
<td></td>
<td>0</td>
<td>api_Runner.TestRunner@68567e20</td></tr>
<tr>
<td title='api_Runner.TestRunner.runScenario()'><b>runScenario</b><br>Test class: api_Runner.TestRunner<br>Test method: Runs Cucumber Scenarios<br>Parameters: "Add new user with Street contains special characters", "creating new users"</td>
<td></td>
<td>0</td>
<td>api_Runner.TestRunner@68567e20</td></tr>
<tr>
<td title='api_Runner.TestRunner.runScenario()'><b>runScenario</b><br>Test class: api_Runner.TestRunner<br>Test method: Runs Cucumber Scenarios<br>Parameters: "Check if user able to update First Name with valid user id", "updating the users with single field"</td>
<td></td>
<td>0</td>
<td>api_Runner.TestRunner@68567e20</td></tr>
<tr>
<td title='api_Runner.TestRunner.runScenario()'><b>runScenario</b><br>Test class: api_Runner.TestRunner<br>Test method: Runs Cucumber Scenarios<br>Parameters: "Add new user with existing email id", "creating new users"</td>
<td></td>
<td>0</td>
<td>api_Runner.TestRunner@68567e20</td></tr>
<tr>
<td title='api_Runner.TestRunner.runScenario()'><b>runScenario</b><br>Test class: api_Runner.TestRunner<br>Test method: Runs Cucumber Scenarios<br>Parameters: "Check if user able to update user details with No Authorization", "updating the users"</td>
<td></td>
<td>0</td>
<td>api_Runner.TestRunner@68567e20</td></tr>
<tr>
<td title='api_Runner.TestRunner.runScenario()'><b>runScenario</b><br>Test class: api_Runner.TestRunner<br>Test method: Runs Cucumber Scenarios<br>Parameters: "Add new user with invalid email format", "creating new users"</td>
<td></td>
<td>0</td>
<td>api_Runner.TestRunner@68567e20</td></tr>
<tr>
<td title='api_Runner.TestRunner.runScenario()'><b>runScenario</b><br>Test class: api_Runner.TestRunner<br>Test method: Runs Cucumber Scenarios<br>Parameters: "Check if Admin able to retreive all user details with invalid end point and valid authorization", "get all users"</td>
<td></td>
<td>0</td>
<td>api_Runner.TestRunner@68567e20</td></tr>
<tr>
<td title='api_Runner.TestRunner.runScenario()'><b>runScenario</b><br>Test class: api_Runner.TestRunner<br>Test method: Runs Cucumber Scenarios<br>Parameters: "Add new user with State contains interger values", "creating new users"</td>
<td></td>
<td>0</td>
<td>api_Runner.TestRunner@68567e20</td></tr>
<tr>
<td title='api_Runner.TestRunner.runScenario()'><b>runScenario</b><br>Test class: api_Runner.TestRunner<br>Test method: Runs Cucumber Scenarios<br>Parameters: "Check if user able to update user details with Alphabets for Contact number", "updating the users"</td>
<td></td>
<td>0</td>
<td>api_Runner.TestRunner@68567e20</td></tr>
<tr>
<td title='api_Runner.TestRunner.runScenario()'><b>runScenario</b><br>Test class: api_Runner.TestRunner<br>Test method: Runs Cucumber Scenarios<br>Parameters: "Check if Admin able to retrieve user details with  valid user Id and invalid authorization", "creating new users"</td>
<td></td>
<td>0</td>
<td>api_Runner.TestRunner@68567e20</td></tr>
<tr>
<td title='api_Runner.TestRunner.runScenario()'><b>runScenario</b><br>Test class: api_Runner.TestRunner<br>Test method: Runs Cucumber Scenarios<br>Parameters: "Add new user with Street contains interger values", "creating new users"</td>
<td></td>
<td>0</td>
<td>api_Runner.TestRunner@68567e20</td></tr>
<tr>
<td title='api_Runner.TestRunner.runScenario()'><b>runScenario</b><br>Test class: api_Runner.TestRunner<br>Test method: Runs Cucumber Scenarios<br>Parameters: "Add new user with special characters in first name", "creating new users"</td>
<td></td>
<td>0</td>
<td>api_Runner.TestRunner@68567e20</td></tr>
<tr>
<td title='api_Runner.TestRunner.runScenario()'><b>runScenario</b><br>Test class: api_Runner.TestRunner<br>Test method: Runs Cucumber Scenarios<br>Parameters: "Add new user with State contains special characters", "creating new users"</td>
<td></td>
<td>0</td>
<td>api_Runner.TestRunner@68567e20</td></tr>
<tr>
<td title='api_Runner.TestRunner.runScenario()'><b>runScenario</b><br>Test class: api_Runner.TestRunner<br>Test method: Runs Cucumber Scenarios<br>Parameters: "Add new user with interger values in Last name", "creating new users"</td>
<td></td>
<td>0</td>
<td>api_Runner.TestRunner@68567e20</td></tr>
<tr>
<td title='api_Runner.TestRunner.runScenario()'><b>runScenario</b><br>Test class: api_Runner.TestRunner<br>Test method: Runs Cucumber Scenarios<br>Parameters: "Check if Admin able to retrieve user details with  valid user Id and without authorization", "creating new users"</td>
<td></td>
<td>0</td>
<td>api_Runner.TestRunner@68567e20</td></tr>
<tr>
<td title='api_Runner.TestRunner.runScenario()'><b>runScenario</b><br>Test class: api_Runner.TestRunner<br>Test method: Runs Cucumber Scenarios<br>Parameters: "Add new user with zipcode contains alphabet values", "creating new users"</td>
<td></td>
<td>0</td>
<td>api_Runner.TestRunner@68567e20</td></tr>
<tr>
<td title='api_Runner.TestRunner.runScenario()'><b>runScenario</b><br>Test class: api_Runner.TestRunner<br>Test method: Runs Cucumber Scenarios<br>Parameters: "Add New User with all fields", "creating new users"</td>
<td></td>
<td>0</td>
<td>api_Runner.TestRunner@68567e20</td></tr>
<tr>
<td title='api_Runner.TestRunner.runScenario()'><b>runScenario</b><br>Test class: api_Runner.TestRunner<br>Test method: Runs Cucumber Scenarios<br>Parameters: "Check if Admin able to retreive all user details with valid end point and invalid method", "get all users"</td>
<td></td>
<td>0</td>
<td>api_Runner.TestRunner@68567e20</td></tr>
<tr>
<td title='api_Runner.TestRunner.runScenario()'><b>runScenario</b><br>Test class: api_Runner.TestRunner<br>Test method: Runs Cucumber Scenarios<br>Parameters: "Add new user with special characters in contact number", "creating new users"</td>
<td></td>
<td>0</td>
<td>api_Runner.TestRunner@68567e20</td></tr>
<tr>
<td title='api_Runner.TestRunner.runScenario()'><b>runScenario</b><br>Test class: api_Runner.TestRunner<br>Test method: Runs Cucumber Scenarios<br>Parameters: "Add new user with special characters in first name", "creating new users"</td>
<td></td>
<td>0</td>
<td>api_Runner.TestRunner@68567e20</td></tr>
<tr>
<td title='api_Runner.TestRunner.runScenario()'><b>runScenario</b><br>Test class: api_Runner.TestRunner<br>Test method: Runs Cucumber Scenarios<br>Parameters: "Add new user with country contains special characters", "creating new users"</td>
<td></td>
<td>0</td>
<td>api_Runner.TestRunner@68567e20</td></tr>
<tr>
<td title='api_Runner.TestRunner.runScenario()'><b>runScenario</b><br>Test class: api_Runner.TestRunner<br>Test method: Runs Cucumber Scenarios<br>Parameters: "Check if Admin able to retrieve user details with  valid user Id and invalid method", "creating new users"</td>
<td></td>
<td>0</td>
<td>api_Runner.TestRunner@68567e20</td></tr>
<tr>
<td title='api_Runner.TestRunner.runScenario()'><b>runScenario</b><br>Test class: api_Runner.TestRunner<br>Test method: Runs Cucumber Scenarios<br>Parameters: "Check if user able to update user details with No Authorization", "updating the users with single field"</td>
<td></td>
<td>0</td>
<td>api_Runner.TestRunner@68567e20</td></tr>
<tr>
<td title='api_Runner.TestRunner.runScenario()'><b>runScenario</b><br>Test class: api_Runner.TestRunner<br>Test method: Runs Cucumber Scenarios<br>Parameters: "Add new user with interger values in first name", "creating new users"</td>
<td></td>
<td>0</td>
<td>api_Runner.TestRunner@68567e20</td></tr>
<tr>
<td title='api_Runner.TestRunner.runScenario()'><b>runScenario</b><br>Test class: api_Runner.TestRunner<br>Test method: Runs Cucumber Scenarios<br>Parameters: "Check if Admin able to retreive all user details with valid end point and without authorization", "get all users"</td>
<td></td>
<td>0</td>
<td>api_Runner.TestRunner@68567e20</td></tr>
<tr>
<td title='api_Runner.TestRunner.runScenario()'><b>runScenario</b><br>Test class: api_Runner.TestRunner<br>Test method: Runs Cucumber Scenarios<br>Parameters: "Check if Admin able to retrieve user details with  valid authorization and valid user Id", "creating new users"</td>
<td></td>
<td>0</td>
<td>api_Runner.TestRunner@68567e20</td></tr>
<tr>
<td title='api_Runner.TestRunner.runScenario()'><b>runScenario</b><br>Test class: api_Runner.TestRunner<br>Test method: Runs Cucumber Scenarios<br>Parameters: "Check if Admin able to retrieve user details with  valid user first name and invalid authorization", "creating new users"</td>
<td></td>
<td>0</td>
<td>api_Runner.TestRunner@68567e20</td></tr>
<tr>
<td title='api_Runner.TestRunner.runScenario()'><b>runScenario</b><br>Test class: api_Runner.TestRunner<br>Test method: Runs Cucumber Scenarios<br>Parameters: "Add new user with less than 10 characters in contact number", "creating new users"</td>
<td></td>
<td>0</td>
<td>api_Runner.TestRunner@68567e20</td></tr>
<tr>
<td title='api_Runner.TestRunner.runScenario()'><b>runScenario</b><br>Test class: api_Runner.TestRunner<br>Test method: Runs Cucumber Scenarios<br>Parameters: "Add new user with country contains interger values", "creating new users"</td>
<td></td>
<td>0</td>
<td>api_Runner.TestRunner@68567e20</td></tr>
<tr>
<td title='api_Runner.TestRunner.runScenario()'><b>runScenario</b><br>Test class: api_Runner.TestRunner<br>Test method: Runs Cucumber Scenarios<br>Parameters: "Check if Admin able to retreive all user details with valid end point and with authorization", "get all users"</td>
<td></td>
<td>5</td>
<td>api_Runner.TestRunner@68567e20</td></tr>
<tr>
<td title='api_Runner.TestRunner.runScenario()'><b>runScenario</b><br>Test class: api_Runner.TestRunner<br>Test method: Runs Cucumber Scenarios<br>Parameters: "Add new user with alphabets in contact number", "creating new users"</td>
<td></td>
<td>0</td>
<td>api_Runner.TestRunner@68567e20</td></tr>
<tr>
<td title='api_Runner.TestRunner.runScenario()'><b>runScenario</b><br>Test class: api_Runner.TestRunner<br>Test method: Runs Cucumber Scenarios<br>Parameters: "Check if Admin able to retreive all user details with valid end point and invalid authorization", "get all users"</td>
<td></td>
<td>0</td>
<td>api_Runner.TestRunner@68567e20</td></tr>
</table><p>
</body>
</html>